<?xml version="1.0" encoding="UTF-8"?>
<testng-results skipped="0" failed="0" ignored="0" total="1" passed="1">
  <reporter-output>
  </reporter-output>
  <suite name="Suite" duration-ms="73579" started-at="2017-07-03T16:53:39Z" finished-at="2017-07-03T16:54:53Z">
    <groups>
    </groups>
    <test name="Regression" duration-ms="73579" started-at="2017-07-03T16:53:39Z" finished-at="2017-07-03T16:54:53Z">
      <class name="Foundation.Testcases.login">
        <test-method status="PASS" signature="invokeUrl()[pri:0, instance:Foundation.Testcases.login@27efef64]" name="invokeUrl" is-config="true" duration-ms="9040" started-at="2017-07-03T22:23:39Z" finished-at="2017-07-03T22:23:48Z">
          <reporter-output>
          </reporter-output>
        </test-method> <!-- invokeUrl -->
        <test-method status="PASS" signature="verifyLoginPage(java.lang.String, java.lang.String)[pri:1, instance:Foundation.Testcases.login@27efef64]" name="verifyLoginPage" duration-ms="64511" started-at="2017-07-03T22:23:48Z" data-provider="data" finished-at="2017-07-03T22:24:53Z">
          <params>
            <param index="0">
              <value>
                <![CDATA[Admin]]>
              </value>
            </param>
            <param index="1">
              <value>
                <![CDATA[admin]]>
              </value>
            </param>
          </params>
          <reporter-output>
          </reporter-output>
        </test-method> <!-- verifyLoginPage -->
      </class> <!-- Foundation.Testcases.login -->
    </test> <!-- Regression -->
  </suite> <!-- Suite -->
</testng-results>
